  [1m[35m (556.7ms)[0m  [1m[35mCREATE DATABASE "Cats99_development" ENCODING = 'unicode'[0m
  ↳ bin/rails:9
  [1m[35m (251.3ms)[0m  [1m[35mCREATE DATABASE "Cats99_test" ENCODING = 'unicode'[0m
  ↳ bin/rails:9
  [1m[35m (214.6ms)[0m  [1m[35mCREATE TABLE "schema_migrations" ("version" character varying NOT NULL PRIMARY KEY)[0m
  ↳ bin/rails:9
  [1m[35m (4.8ms)[0m  [1m[35mCREATE TABLE "ar_internal_metadata" ("key" character varying NOT NULL PRIMARY KEY, "value" character varying, "created_at" timestamp NOT NULL, "updated_at" timestamp NOT NULL)[0m
  ↳ bin/rails:9
  [1m[35m (0.7ms)[0m  [1m[34mSELECT pg_try_advisory_lock(6613552763082678525)[0m
  ↳ bin/rails:9
  [1m[35m (1.5ms)[0m  [1m[34mSELECT "schema_migrations"."version" FROM "schema_migrations" ORDER BY "schema_migrations"."version" ASC[0m
  ↳ bin/rails:9
Migrating to CreateCats (20180911183427)
  [1m[35m (0.3ms)[0m  [1m[35mBEGIN[0m
  ↳ bin/rails:9
  [1m[35m (40.3ms)[0m  [1m[35mCREATE TABLE "cats" ("id" bigserial primary key, "birth_date" date NOT NULL, "color" character varying NOT NULL, "name" character varying NOT NULL, "sex" character varying(1) NOT NULL, "description" text NOT NULL, "created_at" timestamp NOT NULL, "updated_at" timestamp NOT NULL)[0m
  ↳ db/migrate/20180911183427_create_cats.rb:3
  [1m[35m (8.9ms)[0m  [1m[35mCREATE UNIQUE INDEX  "index_cats_on_name_and_birth_date_and_color_and_sex" ON "cats"  ("name", "birth_date", "color", "sex")[0m
  ↳ db/migrate/20180911183427_create_cats.rb:12
  [1m[36mActiveRecord::SchemaMigration Create (0.9ms)[0m  [1m[32mINSERT INTO "schema_migrations" ("version") VALUES ($1) RETURNING "version"[0m  [["version", "20180911183427"]]
  ↳ bin/rails:9
  [1m[35m (0.7ms)[0m  [1m[35mCOMMIT[0m
  ↳ bin/rails:9
  [1m[36mActiveRecord::InternalMetadata Load (8.2ms)[0m  [1m[34mSELECT  "ar_internal_metadata".* FROM "ar_internal_metadata" WHERE "ar_internal_metadata"."key" = $1 LIMIT $2[0m  [["key", "environment"], ["LIMIT", 1]]
  ↳ bin/rails:9
  [1m[35m (0.7ms)[0m  [1m[35mBEGIN[0m
  ↳ bin/rails:9
  [1m[36mActiveRecord::InternalMetadata Create (1.6ms)[0m  [1m[32mINSERT INTO "ar_internal_metadata" ("key", "value", "created_at", "updated_at") VALUES ($1, $2, $3, $4) RETURNING "key"[0m  [["key", "environment"], ["value", "development"], ["created_at", "2018-09-11 18:58:25.073945"], ["updated_at", "2018-09-11 18:58:25.073945"]]
  ↳ bin/rails:9
  [1m[35m (0.6ms)[0m  [1m[35mCOMMIT[0m
  ↳ bin/rails:9
  [1m[35m (0.9ms)[0m  [1m[34mSELECT pg_advisory_unlock(6613552763082678525)[0m
  ↳ bin/rails:9
  [1m[35m (0.6ms)[0m  [1m[34mSELECT "schema_migrations"."version" FROM "schema_migrations" ORDER BY "schema_migrations"."version" ASC[0m
  ↳ bin/rails:9
  [1m[35m (0.2ms)[0m  [1m[35mBEGIN[0m
  [1m[36mCat Create (25.0ms)[0m  [1m[32mINSERT INTO "cats" ("birth_date", "created_at", "updated_at") VALUES ($1, $2, $3) RETURNING "id"[0m  [["birth_date", "1991-08-03"], ["created_at", "2018-09-11 20:53:49.860719"], ["updated_at", "2018-09-11 20:53:49.860719"]]
  [1m[35m (0.3ms)[0m  [1m[31mROLLBACK[0m
  [1m[35m (0.2ms)[0m  [1m[35mBEGIN[0m
  [1m[36mCat Create (2.4ms)[0m  [1m[32mINSERT INTO "cats" ("birth_date", "created_at", "updated_at") VALUES ($1, $2, $3) RETURNING "id"[0m  [["birth_date", "1991-08-03"], ["created_at", "2018-09-11 20:53:49.860719"], ["updated_at", "2018-09-11 20:53:49.860719"]]
  [1m[35m (0.3ms)[0m  [1m[31mROLLBACK[0m
  [1m[35m (0.4ms)[0m  [1m[35mBEGIN[0m
  [1m[35m (0.4ms)[0m  [1m[31mROLLBACK[0m
  [1m[35m (0.3ms)[0m  [1m[35mBEGIN[0m
  [1m[35m (0.3ms)[0m  [1m[31mROLLBACK[0m
  [1m[35m (0.2ms)[0m  [1m[35mBEGIN[0m
  [1m[35m (0.2ms)[0m  [1m[31mROLLBACK[0m
  [1m[35m (0.3ms)[0m  [1m[35mBEGIN[0m
  [1m[35m (0.3ms)[0m  [1m[31mROLLBACK[0m
  [1m[35m (0.3ms)[0m  [1m[35mBEGIN[0m
  [1m[35m (0.3ms)[0m  [1m[31mROLLBACK[0m
  [1m[35m (0.3ms)[0m  [1m[35mBEGIN[0m
  [1m[35m (0.3ms)[0m  [1m[31mROLLBACK[0m
  [1m[35m (0.3ms)[0m  [1m[35mBEGIN[0m
  [1m[35m (0.3ms)[0m  [1m[31mROLLBACK[0m
  [1m[35m (0.3ms)[0m  [1m[35mBEGIN[0m
  [1m[35m (0.3ms)[0m  [1m[31mROLLBACK[0m
Started GET "/" for 127.0.0.1 at 2018-09-11 14:21:59 -0700
  [1m[35m (1.3ms)[0m  [1m[34mSELECT "schema_migrations"."version" FROM "schema_migrations" ORDER BY "schema_migrations"."version" ASC[0m
  ↳ /usr/local/var/rbenv/versions/2.5.0/lib/ruby/gems/2.5.0/gems/activerecord-5.2.1/lib/active_record/log_subscriber.rb:98
Processing by Rails::WelcomeController#index as HTML
  Rendering /usr/local/var/rbenv/versions/2.5.0/lib/ruby/gems/2.5.0/gems/railties-5.2.1/lib/rails/templates/rails/welcome/index.html.erb
  Rendered /usr/local/var/rbenv/versions/2.5.0/lib/ruby/gems/2.5.0/gems/railties-5.2.1/lib/rails/templates/rails/welcome/index.html.erb (24.3ms)
Completed 200 OK in 110ms (Views: 56.7ms | ActiveRecord: 0.0ms)


Started GET "/cats" for 127.0.0.1 at 2018-09-11 14:22:11 -0700
Processing by CatsController#index as HTML
Completed 500 Internal Server Error in 13ms (ActiveRecord: 0.0ms)



ActionView::MissingTemplate - Missing template cats/index, application/index with {:locale=>[:en], :formats=>[:html], :variants=>[], :handlers=>[:raw, :erb, :html, :builder, :ruby, :coffee, :jbuilder]}. Searched in:
  * "/Users/appacademy/Desktop/W4D2/Cats99/app/views"
:
  app/controllers/cats_controller.rb:4:in `index'

Started POST "/__better_errors/3e8fc64d60a99f84/variables" for 127.0.0.1 at 2018-09-11 14:22:11 -0700
  [1m[36mCat Load (17.4ms)[0m  [1m[34mSELECT  "cats".* FROM "cats" LIMIT $1[0m  [["LIMIT", 11]]
  ↳ /usr/local/var/rbenv/versions/2.5.0/lib/ruby/gems/2.5.0/gems/activerecord-5.2.1/lib/active_record/log_subscriber.rb:98
  [1m[36mCACHE Cat Load (0.0ms)[0m  [1m[34mSELECT  "cats".* FROM "cats" LIMIT $1[0m  [["LIMIT", 11]]
  ↳ /usr/local/var/rbenv/versions/2.5.0/lib/ruby/gems/2.5.0/gems/activerecord-5.2.1/lib/active_record/log_subscriber.rb:98
  [1m[36mCACHE Cat Load (0.0ms)[0m  [1m[34mSELECT  "cats".* FROM "cats" LIMIT $1[0m  [["LIMIT", 11]]
  ↳ /usr/local/var/rbenv/versions/2.5.0/lib/ruby/gems/2.5.0/gems/activerecord-5.2.1/lib/active_record/log_subscriber.rb:98
Started GET "/cats" for 127.0.0.1 at 2018-09-11 14:28:31 -0700
Processing by CatsController#index as HTML
  Rendering cats/index.html.erb within layouts/application
  Rendered cats/index.html.erb within layouts/application (0.3ms)
Completed 200 OK in 500ms (Views: 499.6ms | ActiveRecord: 0.0ms)


Started GET "/cats" for 127.0.0.1 at 2018-09-11 14:33:10 -0700
  
ActionController::RoutingError (No route matches [GET] "/cats"):
  
actionpack (5.2.1) lib/action_dispatch/middleware/debug_exceptions.rb:65:in `call'
web-console (3.7.0) lib/web_console/middleware.rb:135:in `call_app'
web-console (3.7.0) lib/web_console/middleware.rb:30:in `block in call'
web-console (3.7.0) lib/web_console/middleware.rb:20:in `catch'
web-console (3.7.0) lib/web_console/middleware.rb:20:in `call'
actionpack (5.2.1) lib/action_dispatch/middleware/show_exceptions.rb:33:in `call'
railties (5.2.1) lib/rails/rack/logger.rb:38:in `call_app'
railties (5.2.1) lib/rails/rack/logger.rb:26:in `block in call'
activesupport (5.2.1) lib/active_support/tagged_logging.rb:71:in `block in tagged'
activesupport (5.2.1) lib/active_support/tagged_logging.rb:28:in `tagged'
activesupport (5.2.1) lib/active_support/tagged_logging.rb:71:in `tagged'
railties (5.2.1) lib/rails/rack/logger.rb:26:in `call'
sprockets-rails (3.2.1) lib/sprockets/rails/quiet_assets.rb:13:in `call'
actionpack (5.2.1) lib/action_dispatch/middleware/remote_ip.rb:81:in `call'
actionpack (5.2.1) lib/action_dispatch/middleware/request_id.rb:27:in `call'
rack (2.0.5) lib/rack/method_override.rb:22:in `call'
rack (2.0.5) lib/rack/runtime.rb:22:in `call'
activesupport (5.2.1) lib/active_support/cache/strategy/local_cache_middleware.rb:29:in `call'
actionpack (5.2.1) lib/action_dispatch/middleware/executor.rb:14:in `call'
actionpack (5.2.1) lib/action_dispatch/middleware/static.rb:127:in `call'
rack (2.0.5) lib/rack/sendfile.rb:111:in `call'
railties (5.2.1) lib/rails/engine.rb:524:in `call'
puma (3.12.0) lib/puma/configuration.rb:225:in `call'
puma (3.12.0) lib/puma/server.rb:658:in `handle_request'
puma (3.12.0) lib/puma/server.rb:472:in `process_client'
puma (3.12.0) lib/puma/server.rb:332:in `block in run'
puma (3.12.0) lib/puma/thread_pool.rb:133:in `block in spawn_thread'
Started GET "/cats" for 127.0.0.1 at 2018-09-11 14:33:26 -0700
Processing by CatsController#index as HTML
  Rendering cats/index.html.erb within layouts/application
  Rendered cats/index.html.erb within layouts/application (0.8ms)
Completed 200 OK in 92ms (Views: 67.1ms | ActiveRecord: 0.0ms)


  [1m[35m (0.4ms)[0m  [1m[35mBEGIN[0m
  [1m[36mCat Create (21.2ms)[0m  [1m[32mINSERT INTO "cats" ("birth_date", "color", "name", "sex", "description", "created_at", "updated_at") VALUES ($1, $2, $3, $4, $5, $6, $7) RETURNING "id"[0m  [["birth_date", "2001-11-02"], ["color", "blue"], ["name", "faith"], ["sex", "F"], ["description", "Super cool cat!"], ["created_at", "2018-09-11 21:42:43.669286"], ["updated_at", "2018-09-11 21:42:43.669286"]]
  [1m[35m (1.0ms)[0m  [1m[35mCOMMIT[0m
  [1m[36mCat Load (0.7ms)[0m  [1m[34mSELECT "cats".* FROM "cats"[0m
Started GET "/cats" for 127.0.0.1 at 2018-09-11 14:43:01 -0700
Processing by CatsController#index as HTML
  Rendering cats/index.html.erb within layouts/application
  [1m[36mCat Load (2.0ms)[0m  [1m[34mSELECT "cats".* FROM "cats"[0m
  ↳ app/views/cats/index.html.erb:4
  Rendered cats/index.html.erb within layouts/application (56.0ms)
Completed 200 OK in 81ms (Views: 65.6ms | ActiveRecord: 13.0ms)


Started GET "/cats" for 127.0.0.1 at 2018-09-11 14:53:20 -0700

NameError - undefined local variable or method `cats' for #<ActionDispatch::Routing::Mapper:0x00007ff2dfecd7e8>
Did you mean?  catch:
  config/routes.rb:4:in `block in <main>'
  config/routes.rb:1:in `<main>'

Started POST "/__better_errors/9ed0555f810784f8/variables" for 127.0.0.1 at 2018-09-11 14:53:20 -0700
Started GET "/cats" for 127.0.0.1 at 2018-09-11 14:53:39 -0700
Processing by CatsController#index as HTML
  Rendering cats/index.html.erb within layouts/application
  [1m[36mCat Load (1.1ms)[0m  [1m[34mSELECT "cats".* FROM "cats"[0m
  ↳ app/views/cats/index.html.erb:4
  Rendered cats/index.html.erb within layouts/application (27.1ms)
Completed 200 OK in 288ms (Views: 239.5ms | ActiveRecord: 12.4ms)


Started GET "/cats/3" for 127.0.0.1 at 2018-09-11 14:53:47 -0700

AbstractController::ActionNotFound - The action 'show' could not be found for CatsController:

Started POST "/__better_errors/3b989d9e790b0a22/variables" for 127.0.0.1 at 2018-09-11 14:53:47 -0700
Started GET "/cats/" for 127.0.0.1 at 2018-09-11 14:58:53 -0700
Processing by CatsController#index as HTML
  Rendering cats/index.html.erb within layouts/application
  [1m[36mCat Load (0.8ms)[0m  [1m[34mSELECT "cats".* FROM "cats"[0m
  ↳ app/views/cats/index.html.erb:4
  Rendered cats/index.html.erb within layouts/application (23.4ms)
Completed 200 OK in 184ms (Views: 157.4ms | ActiveRecord: 8.4ms)


Started GET "/cats/3" for 127.0.0.1 at 2018-09-11 14:58:55 -0700
Processing by CatsController#show as HTML
  Parameters: {"id"=>"3"}
  [1m[36mCat Load (0.8ms)[0m  [1m[34mSELECT  "cats".* FROM "cats" WHERE "cats"."id" = $1 LIMIT $2[0m  [["id", 3], ["LIMIT", 1]]
  ↳ app/controllers/cats_controller.rb:8
  Rendering cats/show.html.erb within layouts/application
  Rendered cats/show.html.erb within layouts/application (0.9ms)
Completed 200 OK in 100ms (Views: 33.5ms | ActiveRecord: 1.2ms)


Started GET "/cats/3" for 127.0.0.1 at 2018-09-11 15:00:30 -0700
Processing by CatsController#show as HTML
  Parameters: {"id"=>"3"}
  [1m[36mCat Load (0.5ms)[0m  [1m[34mSELECT  "cats".* FROM "cats" WHERE "cats"."id" = $1 LIMIT $2[0m  [["id", 3], ["LIMIT", 1]]
  ↳ app/controllers/cats_controller.rb:8
  Rendering cats/show.html.erb within layouts/application
  Rendered cats/show.html.erb within layouts/application (0.9ms)
Completed 200 OK in 26ms (Views: 23.8ms | ActiveRecord: 0.5ms)


Started GET "/cats/3" for 127.0.0.1 at 2018-09-11 15:06:47 -0700
Processing by CatsController#show as HTML
  Parameters: {"id"=>"3"}
  [1m[36mCat Load (1.5ms)[0m  [1m[34mSELECT  "cats".* FROM "cats" WHERE "cats"."id" = $1 LIMIT $2[0m  [["id", 3], ["LIMIT", 1]]
  ↳ app/controllers/cats_controller.rb:8
  Rendering cats/show.html.erb within layouts/application
  Rendered cats/show.html.erb within layouts/application (1.2ms)
Completed 200 OK in 98ms (Views: 95.1ms | ActiveRecord: 1.5ms)


Started GET "/cats/3" for 127.0.0.1 at 2018-09-11 15:09:16 -0700
Processing by CatsController#show as HTML
  Parameters: {"id"=>"3"}
  [1m[36mCat Load (0.7ms)[0m  [1m[34mSELECT  "cats".* FROM "cats" WHERE "cats"."id" = $1 LIMIT $2[0m  [["id", 3], ["LIMIT", 1]]
  ↳ app/controllers/cats_controller.rb:8
  Rendering cats/show.html.erb within layouts/application
  Rendered cats/show.html.erb within layouts/application (0.7ms)
Completed 200 OK in 97ms (Views: 94.5ms | ActiveRecord: 0.7ms)


Started GET "/cats/3" for 127.0.0.1 at 2018-09-11 15:12:14 -0700
Processing by CatsController#show as HTML
  Parameters: {"id"=>"3"}
  [1m[36mCat Load (0.9ms)[0m  [1m[34mSELECT  "cats".* FROM "cats" WHERE "cats"."id" = $1 LIMIT $2[0m  [["id", 3], ["LIMIT", 1]]
  ↳ app/controllers/cats_controller.rb:8
  Rendering cats/show.html.erb within layouts/application
  Rendered cats/show.html.erb within layouts/application (0.8ms)
Completed 200 OK in 90ms (Views: 87.6ms | ActiveRecord: 0.9ms)


Started GET "/cats/new" for 127.0.0.1 at 2018-09-11 15:16:56 -0700
Processing by CatsController#new as HTML
  Rendering cats/new.html.erb within layouts/application
  Rendered cats/new.html.erb within layouts/application (1.2ms)
Completed 200 OK in 138ms (Views: 69.0ms | ActiveRecord: 23.6ms)


Started GET "/cats/new" for 127.0.0.1 at 2018-09-11 15:28:09 -0700
Processing by CatsController#new as HTML
  Rendering cats/new.html.erb within layouts/application
  Rendered cats/new.html.erb within layouts/application (0.9ms)
Completed 200 OK in 25ms (Views: 24.0ms | ActiveRecord: 0.0ms)


Started POST "/cats" for 127.0.0.1 at 2018-09-11 15:28:30 -0700

AbstractController::ActionNotFound - The action 'create' could not be found for CatsController:

Started POST "/__better_errors/bc1497c081db27cf/variables" for 127.0.0.1 at 2018-09-11 15:28:30 -0700
Started GET "/cats/new" for 127.0.0.1 at 2018-09-11 15:30:30 -0700
Processing by CatsController#new as HTML
  Rendering cats/new.html.erb within layouts/application
  Rendered cats/new.html.erb within layouts/application (0.8ms)
Completed 200 OK in 29ms (Views: 27.9ms | ActiveRecord: 0.0ms)


Started GET "/cats/new" for 127.0.0.1 at 2018-09-11 15:34:02 -0700
Processing by CatsController#new as HTML
  Rendering cats/new.html.erb within layouts/application
  Rendered cats/new.html.erb within layouts/application (0.7ms)
Completed 200 OK in 31ms (Views: 30.2ms | ActiveRecord: 0.0ms)


Started GET "/cats/new" for 127.0.0.1 at 2018-09-11 15:37:54 -0700
Processing by CatsController#new as HTML
  Rendering cats/new.html.erb within layouts/application
  Rendered cats/new.html.erb within layouts/application (0.5ms)
Completed 200 OK in 87ms (Views: 86.5ms | ActiveRecord: 0.0ms)


Started GET "/cats/new" for 127.0.0.1 at 2018-09-11 15:38:40 -0700
Processing by CatsController#new as HTML
  Rendering cats/new.html.erb within layouts/application
  Rendered cats/new.html.erb within layouts/application (0.5ms)
Completed 200 OK in 29ms (Views: 27.9ms | ActiveRecord: 0.0ms)


Started GET "/cats/" for 127.0.0.1 at 2018-09-11 15:43:38 -0700
Processing by CatsController#index as HTML
  Rendering cats/index.html.erb within layouts/application
  [1m[36mCat Load (1.1ms)[0m  [1m[34mSELECT "cats".* FROM "cats"[0m
  ↳ app/views/cats/index.html.erb:4
  Rendered cats/index.html.erb within layouts/application (32.7ms)
Completed 200 OK in 123ms (Views: 91.2ms | ActiveRecord: 14.2ms)


Started GET "/cats" for 127.0.0.1 at 2018-09-11 15:44:36 -0700
Processing by CatsController#index as */*
  Rendering cats/index.html.erb within layouts/application
  [1m[36mCat Load (0.9ms)[0m  [1m[34mSELECT "cats".* FROM "cats"[0m
  ↳ app/views/cats/index.html.erb:4
  Rendered cats/index.html.erb within layouts/application (3.6ms)
Completed 200 OK in 312ms (Views: 310.6ms | ActiveRecord: 0.9ms)


Started POST "/cats" for 127.0.0.1 at 2018-09-11 15:45:15 -0700
Processing by CatsController#create as */*
  Parameters: {"name"=>"yo"}
Can't verify CSRF token authenticity.
Completed 422 Unprocessable Entity in 2ms (ActiveRecord: 0.0ms)



ActionController::InvalidAuthenticityToken - ActionController::InvalidAuthenticityToken:

Started GET "/cats/3" for 127.0.0.1 at 2018-09-11 15:46:21 -0700
Processing by CatsController#show as HTML
  Parameters: {"id"=>"3"}
  [1m[36mCat Load (0.9ms)[0m  [1m[34mSELECT  "cats".* FROM "cats" WHERE "cats"."id" = $1 LIMIT $2[0m  [["id", 3], ["LIMIT", 1]]
  ↳ app/controllers/cats_controller.rb:8
  Rendering cats/show.html.erb within layouts/application
  Rendered cats/show.html.erb within layouts/application (1.0ms)
Completed 200 OK in 99ms (Views: 92.3ms | ActiveRecord: 1.9ms)


Started GET "/cats/new" for 127.0.0.1 at 2018-09-11 15:46:29 -0700
Processing by CatsController#new as HTML
  Rendering cats/new.html.erb within layouts/application
  Rendered cats/new.html.erb within layouts/application (1.0ms)
Completed 200 OK in 31ms (Views: 30.7ms | ActiveRecord: 0.0ms)


Started POST "/cats" for 127.0.0.1 at 2018-09-11 15:46:52 -0700
Processing by CatsController#create as HTML
  Parameters: {"cat"=>{"name"=>"faith2", "color"=>"blue", "sex"=>"f", "description"=>"super super super cool cat", "birth_date"=>"2018-09-03"}}
Can't verify CSRF token authenticity.
Completed 422 Unprocessable Entity in 2ms (ActiveRecord: 0.0ms)



ActionController::InvalidAuthenticityToken - ActionController::InvalidAuthenticityToken:

Started POST "/__better_errors/8bb4160f71154a9f/variables" for 127.0.0.1 at 2018-09-11 15:46:52 -0700
Started GET "/cats/new" for 127.0.0.1 at 2018-09-11 16:12:46 -0700
Processing by CatsController#new as HTML
  Rendering cats/new.html.erb within layouts/application
  Rendered cats/new.html.erb within layouts/application (1.0ms)
Completed 200 OK in 76ms (Views: 75.4ms | ActiveRecord: 0.0ms)


Started POST "/cats" for 127.0.0.1 at 2018-09-11 16:13:10 -0700
Processing by CatsController#create as HTML
  Parameters: {"authenticity_token"=>"c8NPH6hQiO8qcR3oR2H+8HpuEwFwmzduvYwigHT49fIx2SHNp6PpzteWEi6NrFS+Y1NOuprXJ3WIsOdHVAalkQ==", "cat"=>{"name"=>"faith3", "color"=>"blue", "sex"=>"f", "description"=>"cat", "birth_date"=>"2018-09-11"}}
Completed 500 Internal Server Error in 3ms (ActiveRecord: 0.0ms)



ActionController::UrlGenerationError - No route matches {:action=>"show", :controller=>"cats", :id=>nil}, missing required keys: [:id]:
  app/controllers/cats_controller.rb:19:in `create'

Started POST "/__better_errors/d9f117f8678ec518/variables" for 127.0.0.1 at 2018-09-11 16:13:10 -0700
Started POST "/cats" for 127.0.0.1 at 2018-09-11 16:14:34 -0700
Processing by CatsController#create as HTML
  Parameters: {"authenticity_token"=>"c8NPH6hQiO8qcR3oR2H+8HpuEwFwmzduvYwigHT49fIx2SHNp6PpzteWEi6NrFS+Y1NOuprXJ3WIsOdHVAalkQ==", "cat"=>{"name"=>"faith3", "color"=>"blue", "sex"=>"f", "description"=>"cat", "birth_date"=>"2018-09-11"}}
  [1m[35m (0.3ms)[0m  [1m[35mBEGIN[0m
  ↳ app/controllers/cats_controller.rb:18
  [1m[36mCat Create (1.2ms)[0m  [1m[32mINSERT INTO "cats" ("birth_date", "color", "name", "sex", "description", "created_at", "updated_at") VALUES ($1, $2, $3, $4, $5, $6, $7) RETURNING "id"[0m  [["birth_date", "2018-09-11"], ["color", "blue"], ["name", "faith3"], ["sex", "f"], ["description", "cat"], ["created_at", "2018-09-11 23:14:34.398029"], ["updated_at", "2018-09-11 23:14:34.398029"]]
  ↳ app/controllers/cats_controller.rb:18
  [1m[35m (44.0ms)[0m  [1m[35mCOMMIT[0m
  ↳ app/controllers/cats_controller.rb:18
Completed 500 Internal Server Error in 228ms (ActiveRecord: 58.6ms)



NoMethodError - undefined method `redirects_to' for #<CatsController:0x00007ff2e3a90ca8>
Did you mean?  redirect_to:
  app/controllers/cats_controller.rb:19:in `create'

Started POST "/__better_errors/e75b90f1ff0ec8a5/variables" for 127.0.0.1 at 2018-09-11 16:14:34 -0700
Started POST "/cats" for 127.0.0.1 at 2018-09-11 16:14:47 -0700
Processing by CatsController#create as HTML
  Parameters: {"authenticity_token"=>"c8NPH6hQiO8qcR3oR2H+8HpuEwFwmzduvYwigHT49fIx2SHNp6PpzteWEi6NrFS+Y1NOuprXJ3WIsOdHVAalkQ==", "cat"=>{"name"=>"faith3", "color"=>"blue", "sex"=>"f", "description"=>"cat", "birth_date"=>"2018-09-11"}}
  [1m[35m (0.3ms)[0m  [1m[35mBEGIN[0m
  ↳ app/controllers/cats_controller.rb:18
  [1m[36mCat Create (17.5ms)[0m  [1m[32mINSERT INTO "cats" ("birth_date", "color", "name", "sex", "description", "created_at", "updated_at") VALUES ($1, $2, $3, $4, $5, $6, $7) RETURNING "id"[0m  [["birth_date", "2018-09-11"], ["color", "blue"], ["name", "faith3"], ["sex", "f"], ["description", "cat"], ["created_at", "2018-09-11 23:14:47.612313"], ["updated_at", "2018-09-11 23:14:47.612313"]]
  ↳ app/controllers/cats_controller.rb:18
  [1m[35m (0.2ms)[0m  [1m[31mROLLBACK[0m
  ↳ app/controllers/cats_controller.rb:18
Completed 500 Internal Server Error in 154ms (ActiveRecord: 25.7ms)



PG::UniqueViolation - ERROR:  duplicate key value violates unique constraint "index_cats_on_name_and_birth_date_and_color_and_sex"
DETAIL:  Key (name, birth_date, color, sex)=(faith3, 2018-09-11, blue, f) already exists.
:
  app/controllers/cats_controller.rb:18:in `create'

Started POST "/__better_errors/1100dbe8f4d5e077/variables" for 127.0.0.1 at 2018-09-11 16:14:47 -0700
Started POST "/cats" for 127.0.0.1 at 2018-09-11 16:15:08 -0700
Processing by CatsController#create as HTML
  Parameters: {"authenticity_token"=>"c8NPH6hQiO8qcR3oR2H+8HpuEwFwmzduvYwigHT49fIx2SHNp6PpzteWEi6NrFS+Y1NOuprXJ3WIsOdHVAalkQ==", "cat"=>{"name"=>"faith4", "color"=>"blue", "sex"=>"f", "description"=>"cat", "birth_date"=>"2018-09-11"}}
  [1m[35m (0.3ms)[0m  [1m[35mBEGIN[0m
  ↳ app/controllers/cats_controller.rb:18
  [1m[36mCat Create (0.8ms)[0m  [1m[32mINSERT INTO "cats" ("birth_date", "color", "name", "sex", "description", "created_at", "updated_at") VALUES ($1, $2, $3, $4, $5, $6, $7) RETURNING "id"[0m  [["birth_date", "2018-09-11"], ["color", "blue"], ["name", "faith4"], ["sex", "f"], ["description", "cat"], ["created_at", "2018-09-11 23:15:08.955278"], ["updated_at", "2018-09-11 23:15:08.955278"]]
  ↳ app/controllers/cats_controller.rb:18
  [1m[35m (2.0ms)[0m  [1m[35mCOMMIT[0m
  ↳ app/controllers/cats_controller.rb:18
Redirected to http://0.0.0.0:3000/cats/6
Completed 302 Found in 8ms (ActiveRecord: 3.0ms)


Started GET "/cats/6" for 127.0.0.1 at 2018-09-11 16:15:08 -0700
Processing by CatsController#show as HTML
  Parameters: {"id"=>"6"}
  [1m[36mCat Load (0.7ms)[0m  [1m[34mSELECT  "cats".* FROM "cats" WHERE "cats"."id" = $1 LIMIT $2[0m  [["id", 6], ["LIMIT", 1]]
  ↳ app/controllers/cats_controller.rb:8
  Rendering cats/show.html.erb within layouts/application
  Rendered cats/show.html.erb within layouts/application (1.5ms)
Completed 200 OK in 129ms (Views: 125.2ms | ActiveRecord: 1.0ms)


Started GET "/cats/new" for 127.0.0.1 at 2018-09-11 16:18:02 -0700
Processing by CatsController#new as HTML
  Rendering cats/new.html.erb within layouts/application
  Rendered cats/new.html.erb within layouts/application (0.7ms)
Completed 200 OK in 87ms (Views: 86.4ms | ActiveRecord: 0.0ms)


Started GET "/cats/new" for 127.0.0.1 at 2018-09-11 16:19:03 -0700
Processing by CatsController#new as HTML
  Rendering cats/new.html.erb within layouts/application
  Rendered cats/new.html.erb within layouts/application (0.5ms)
Completed 200 OK in 99ms (Views: 98.0ms | ActiveRecord: 0.0ms)


Started GET "/cats/new" for 127.0.0.1 at 2018-09-11 16:22:47 -0700
Processing by CatsController#new as HTML
  Rendering cats/new.html.erb within layouts/application
  Rendered cats/new.html.erb within layouts/application (59.4ms)
Completed 500 Internal Server Error in 77ms (ActiveRecord: 0.0ms)



NameError - uninitialized constant ActionView::CompiledTemplates::COLORS:
  app/views/cats/new.html.erb:16:in `_app_views_cats_new_html_erb__292730791365606125_70340600917740'
  app/controllers/cats_controller.rb:14:in `new'

Started POST "/__better_errors/fce154ac7fabf364/variables" for 127.0.0.1 at 2018-09-11 16:22:47 -0700
Started GET "/cats/3" for 127.0.0.1 at 2018-09-11 16:24:15 -0700
Processing by CatsController#show as HTML
  Parameters: {"id"=>"3"}
  [1m[36mCat Load (0.7ms)[0m  [1m[34mSELECT  "cats".* FROM "cats" WHERE "cats"."id" = $1 LIMIT $2[0m  [["id", 3], ["LIMIT", 1]]
  ↳ app/controllers/cats_controller.rb:8
  Rendering cats/show.html.erb within layouts/application
  Rendered cats/show.html.erb within layouts/application (1.1ms)
Completed 200 OK in 89ms (Views: 86.5ms | ActiveRecord: 0.7ms)


Started GET "/cats/3" for 127.0.0.1 at 2018-09-11 16:24:18 -0700
Processing by CatsController#show as HTML
  Parameters: {"id"=>"3"}
  [1m[36mCat Load (0.5ms)[0m  [1m[34mSELECT  "cats".* FROM "cats" WHERE "cats"."id" = $1 LIMIT $2[0m  [["id", 3], ["LIMIT", 1]]
  ↳ app/controllers/cats_controller.rb:8
  Rendering cats/show.html.erb within layouts/application
  Rendered cats/show.html.erb within layouts/application (1.0ms)
Completed 200 OK in 30ms (Views: 27.6ms | ActiveRecord: 0.5ms)


Started GET "/cats/new" for 127.0.0.1 at 2018-09-11 16:24:29 -0700
Processing by CatsController#new as HTML
  Rendering cats/new.html.erb within layouts/application
  Rendered cats/new.html.erb within layouts/application (0.6ms)
Completed 200 OK in 30ms (Views: 28.8ms | ActiveRecord: 0.0ms)


Started GET "/cats/new" for 127.0.0.1 at 2018-09-11 16:25:44 -0700
Processing by CatsController#new as HTML
  Rendering cats/new.html.erb within layouts/application
  Rendered cats/new.html.erb within layouts/application (34.3ms)
Completed 500 Internal Server Error in 87ms (ActiveRecord: 10.4ms)



NameError - uninitialized constant ActionView::CompiledTemplates::COLOR:
  app/views/cats/new.html.erb:16:in `_app_views_cats_new_html_erb__292730791365606125_70340581296440'
  app/controllers/cats_controller.rb:16:in `new'

Started POST "/__better_errors/393d4bd7b479f7b7/variables" for 127.0.0.1 at 2018-09-11 16:25:44 -0700
Started GET "/cats/3" for 127.0.0.1 at 2018-09-11 16:26:55 -0700
Processing by CatsController#show as HTML
  Parameters: {"id"=>"3"}
  [1m[36mCat Load (0.6ms)[0m  [1m[34mSELECT  "cats".* FROM "cats" WHERE "cats"."id" = $1 LIMIT $2[0m  [["id", 3], ["LIMIT", 1]]
  ↳ app/controllers/cats_controller.rb:10
  Rendering cats/show.html.erb within layouts/application
  Rendered cats/show.html.erb within layouts/application (1.5ms)
Completed 200 OK in 142ms (Views: 94.2ms | ActiveRecord: 14.5ms)


Started GET "/cats/new" for 127.0.0.1 at 2018-09-11 16:26:58 -0700
Processing by CatsController#new as HTML
Completed 500 Internal Server Error in 46ms (ActiveRecord: 0.0ms)



NameError - uninitialized constant CatsController::COLORS:
  app/controllers/cats_controller.rb:15:in `new'

Started POST "/__better_errors/d8c23500bce4c5fa/variables" for 127.0.0.1 at 2018-09-11 16:26:58 -0700
Started GET "/cats/new" for 127.0.0.1 at 2018-09-11 16:27:44 -0700
Processing by CatsController#new as HTML
  Rendering cats/new.html.erb within layouts/application
  Rendered cats/new.html.erb within layouts/application (0.8ms)
Completed 200 OK in 105ms (Views: 48.0ms | ActiveRecord: 9.5ms)


Started GET "/cats/new" for 127.0.0.1 at 2018-09-11 16:30:06 -0700
Processing by CatsController#new as HTML
  Rendering cats/new.html.erb within layouts/application
  Rendered cats/new.html.erb within layouts/application (0.6ms)
Completed 200 OK in 80ms (Views: 79.2ms | ActiveRecord: 0.0ms)


Started GET "/cats/new" for 127.0.0.1 at 2018-09-11 16:30:24 -0700
Processing by CatsController#new as HTML
  Rendering cats/new.html.erb within layouts/application
  Rendered cats/new.html.erb within layouts/application (0.8ms)
Completed 200 OK in 21ms (Views: 20.3ms | ActiveRecord: 0.0ms)


Started GET "/cats/new" for 127.0.0.1 at 2018-09-11 16:30:44 -0700
Processing by CatsController#new as HTML
  Rendering cats/new.html.erb within layouts/application
  Rendered cats/new.html.erb within layouts/application (0.7ms)
Completed 200 OK in 27ms (Views: 25.7ms | ActiveRecord: 0.0ms)


Started POST "/cats" for 127.0.0.1 at 2018-09-11 16:32:06 -0700
Processing by CatsController#create as HTML
  Parameters: {"authenticity_token"=>"tVVR6XNb9uCXIFBjSIOcw0snWY2FoiC6Z2znQmU6bJn3Tz87fKiXwWrHX6WCTjaNUhoENm/uMKFSUCKFRcQ8+g==", "cat"=>{"name"=>"Garfield", "sex"=>"M", "description"=>"King of Cats", "birth_date"=>"1991-08-03"}}
  [1m[35m (0.2ms)[0m  [1m[35mBEGIN[0m
  ↳ app/controllers/cats_controller.rb:21
  [1m[35m (0.2ms)[0m  [1m[31mROLLBACK[0m
  ↳ app/controllers/cats_controller.rb:21
Completed 500 Internal Server Error in 33ms (ActiveRecord: 0.4ms)



ActionController::UrlGenerationError - No route matches {:action=>"show", :controller=>"cats", :id=>nil}, missing required keys: [:id]:
  app/controllers/cats_controller.rb:22:in `create'

Started POST "/__better_errors/d4b9a6caac8aee44/variables" for 127.0.0.1 at 2018-09-11 16:32:06 -0700
Started GET "/cats/new" for 127.0.0.1 at 2018-09-11 16:36:30 -0700
Processing by CatsController#new as HTML
  Rendering cats/new.html.erb within layouts/application
  Rendered cats/new.html.erb within layouts/application (1.2ms)
Completed 200 OK in 119ms (Views: 116.5ms | ActiveRecord: 0.0ms)


Started POST "/cats" for 127.0.0.1 at 2018-09-11 16:36:54 -0700
Processing by CatsController#create as HTML
  Parameters: {"authenticity_token"=>"i4mW8e49nw8E0l3deF+Wkj4MDbdsxQ0iSY/Q+jRuP1bJk/gj4c7+Lvk1UhuykjzcJzFQDIaJHTl8sxU9FJBvNQ==", "cat"=>{"name"=>"Garfield", "sex"=>"M", "description"=>"King of cats", "birth_date"=>"1991-08-03"}}
  [1m[35m (0.4ms)[0m  [1m[35mBEGIN[0m
  ↳ app/controllers/cats_controller.rb:21
  [1m[35m (0.2ms)[0m  [1m[31mROLLBACK[0m
  ↳ app/controllers/cats_controller.rb:21
Completed 500 Internal Server Error in 11ms (ActiveRecord: 0.6ms)



ActionController::UrlGenerationError - No route matches {:action=>"show", :controller=>"cats", :id=>nil}, missing required keys: [:id]:
  app/controllers/cats_controller.rb:22:in `create'

Started POST "/__better_errors/ae93e50eb3ae79bc/variables" for 127.0.0.1 at 2018-09-11 16:36:54 -0700
Started GET "/cats/new" for 127.0.0.1 at 2018-09-11 16:38:51 -0700
Processing by CatsController#new as HTML
  Rendering cats/new.html.erb within layouts/application
  Rendered cats/new.html.erb within layouts/application (1.1ms)
Completed 200 OK in 97ms (Views: 96.2ms | ActiveRecord: 0.0ms)


Started GET "/cats/new" for 127.0.0.1 at 2018-09-11 16:39:16 -0700
Processing by CatsController#new as HTML
  Rendering cats/new.html.erb within layouts/application
  Rendered cats/new.html.erb within layouts/application (0.9ms)
Completed 200 OK in 42ms (Views: 40.6ms | ActiveRecord: 0.0ms)


Started GET "/cats/new" for 127.0.0.1 at 2018-09-11 16:39:29 -0700
Processing by CatsController#new as HTML
  Rendering cats/new.html.erb within layouts/application
  Rendered cats/new.html.erb within layouts/application (0.7ms)
Completed 200 OK in 43ms (Views: 42.1ms | ActiveRecord: 0.0ms)


Started GET "/cats/new" for 127.0.0.1 at 2018-09-11 16:39:30 -0700
Processing by CatsController#new as HTML
  Rendering cats/new.html.erb within layouts/application
  Rendered cats/new.html.erb within layouts/application (0.7ms)
Completed 200 OK in 34ms (Views: 33.0ms | ActiveRecord: 0.0ms)


Started GET "/cats/new" for 127.0.0.1 at 2018-09-11 16:39:33 -0700
Processing by CatsController#new as HTML
  Rendering cats/new.html.erb within layouts/application
  Rendered cats/new.html.erb within layouts/application (0.8ms)
Completed 200 OK in 30ms (Views: 29.4ms | ActiveRecord: 0.0ms)


Started GET "/cats/new" for 127.0.0.1 at 2018-09-11 16:41:57 -0700
Processing by CatsController#new as HTML
  Rendering cats/new.html.erb within layouts/application
  Rendered cats/new.html.erb within layouts/application (0.7ms)
Completed 200 OK in 112ms (Views: 111.6ms | ActiveRecord: 0.0ms)


Started GET "/cats/new" for 127.0.0.1 at 2018-09-11 16:43:22 -0700
Processing by CatsController#new as HTML
  Rendering cats/new.html.erb within layouts/application
  Rendered cats/new.html.erb within layouts/application (1.1ms)
Completed 200 OK in 34ms (Views: 32.7ms | ActiveRecord: 0.0ms)


Started POST "/cats" for 127.0.0.1 at 2018-09-11 16:43:39 -0700
Processing by CatsController#create as HTML
  Parameters: {"authenticity_token"=>"2mxpf37e9cZNN3BadmRyC9amTq2BF3VF3tVNoccKsvKYdgetcS2U57DQf5y8qdhFz5sTFmtbZV7r6Yhm5/TikQ==", "cat"=>{"name"=>"d", "color"=>"", "sex"=>"M", "description"=>"sdfds", "birth_date"=>"1111-11-11"}}
  [1m[35m (0.3ms)[0m  [1m[35mBEGIN[0m
  ↳ app/controllers/cats_controller.rb:21
  [1m[35m (0.3ms)[0m  [1m[31mROLLBACK[0m
  ↳ app/controllers/cats_controller.rb:21
Completed 500 Internal Server Error in 10ms (ActiveRecord: 0.6ms)



ActionController::UrlGenerationError - No route matches {:action=>"show", :controller=>"cats", :id=>nil}, missing required keys: [:id]:
  app/controllers/cats_controller.rb:22:in `create'

Started POST "/__better_errors/601516e3b8bce420/variables" for 127.0.0.1 at 2018-09-11 16:43:39 -0700
Started GET "/cats/new" for 127.0.0.1 at 2018-09-11 16:44:18 -0700
Processing by CatsController#new as HTML
  Rendering cats/new.html.erb within layouts/application
  Rendered cats/new.html.erb within layouts/application (1.2ms)
Completed 200 OK in 216ms (Views: 214.9ms | ActiveRecord: 0.0ms)


Started POST "/cats" for 127.0.0.1 at 2018-09-11 16:44:27 -0700
Processing by CatsController#create as HTML
  Parameters: {"authenticity_token"=>"+KdnogmZWEJaBqRSiEtD75iwrZjLci4ublI994mgeRO6vQlwBmo5Y6fhq5RChumhgY3wIyE+PjVbbvgwqV4pcA==", "cat"=>{"name"=>"Enter the cat's name!", "color"=>"red", "sex"=>"M", "description"=>"asd", "birth_date"=>"0002-02-02"}}
  [1m[35m (0.2ms)[0m  [1m[35mBEGIN[0m
  ↳ app/controllers/cats_controller.rb:21
  [1m[36mCat Create (1.5ms)[0m  [1m[32mINSERT INTO "cats" ("birth_date", "color", "name", "sex", "description", "created_at", "updated_at") VALUES ($1, $2, $3, $4, $5, $6, $7) RETURNING "id"[0m  [["birth_date", "0002-02-02"], ["color", "red"], ["name", "Enter the cat's name!"], ["sex", "M"], ["description", "asd"], ["created_at", "2018-09-11 23:44:27.616775"], ["updated_at", "2018-09-11 23:44:27.616775"]]
  ↳ app/controllers/cats_controller.rb:21
  [1m[35m (0.6ms)[0m  [1m[35mCOMMIT[0m
  ↳ app/controllers/cats_controller.rb:21
Redirected to http://0.0.0.0:3000/cats/7
Completed 302 Found in 9ms (ActiveRecord: 2.4ms)


Started GET "/cats/7" for 127.0.0.1 at 2018-09-11 16:44:27 -0700
Processing by CatsController#show as HTML
  Parameters: {"id"=>"7"}
  [1m[36mCat Load (1.1ms)[0m  [1m[34mSELECT  "cats".* FROM "cats" WHERE "cats"."id" = $1 LIMIT $2[0m  [["id", 7], ["LIMIT", 1]]
  ↳ app/controllers/cats_controller.rb:10
  Rendering cats/show.html.erb within layouts/application
  Rendered cats/show.html.erb within layouts/application (1.1ms)
Completed 200 OK in 29ms (Views: 25.5ms | ActiveRecord: 1.1ms)


Started GET "/cats/7/edit" for 127.0.0.1 at 2018-09-11 16:52:05 -0700
Processing by CatsController#edit as HTML
  Parameters: {"id"=>"7"}
  [1m[36mCat Load (1.6ms)[0m  [1m[34mSELECT  "cats".* FROM "cats" WHERE "cats"."id" = $1 LIMIT $2[0m  [["id", 7], ["LIMIT", 1]]
  ↳ app/controllers/cats_controller.rb:26
  Rendering cats/edit.html.erb within layouts/application
  Rendered cats/edit.html.erb within layouts/application (0.4ms)
Completed 200 OK in 291ms (Views: 231.5ms | ActiveRecord: 14.8ms)


Started GET "/cats/1" for 127.0.0.1 at 2018-09-11 16:52:19 -0700
Processing by CatsController#show as HTML
  Parameters: {"id"=>"1"}
  [1m[36mCat Load (0.6ms)[0m  [1m[34mSELECT  "cats".* FROM "cats" WHERE "cats"."id" = $1 LIMIT $2[0m  [["id", 1], ["LIMIT", 1]]
  ↳ app/controllers/cats_controller.rb:10
Completed 404 Not Found in 4ms (ActiveRecord: 0.6ms)



ActiveRecord::RecordNotFound - Couldn't find Cat with 'id'=1:
  app/controllers/cats_controller.rb:10:in `show'

Started POST "/__better_errors/1627d2c6b5d81d50/variables" for 127.0.0.1 at 2018-09-11 16:52:19 -0700
Started GET "/cats/2" for 127.0.0.1 at 2018-09-11 16:52:23 -0700
Processing by CatsController#show as HTML
  Parameters: {"id"=>"2"}
  [1m[36mCat Load (0.5ms)[0m  [1m[34mSELECT  "cats".* FROM "cats" WHERE "cats"."id" = $1 LIMIT $2[0m  [["id", 2], ["LIMIT", 1]]
  ↳ app/controllers/cats_controller.rb:10
Completed 404 Not Found in 2ms (ActiveRecord: 0.5ms)



ActiveRecord::RecordNotFound - Couldn't find Cat with 'id'=2:
  app/controllers/cats_controller.rb:10:in `show'

Started POST "/__better_errors/086f70a7e1622094/variables" for 127.0.0.1 at 2018-09-11 16:52:23 -0700
Started GET "/cats/4" for 127.0.0.1 at 2018-09-11 16:52:26 -0700
Processing by CatsController#show as HTML
  Parameters: {"id"=>"4"}
  [1m[36mCat Load (1.0ms)[0m  [1m[34mSELECT  "cats".* FROM "cats" WHERE "cats"."id" = $1 LIMIT $2[0m  [["id", 4], ["LIMIT", 1]]
  ↳ app/controllers/cats_controller.rb:10
  Rendering cats/show.html.erb within layouts/application
  Rendered cats/show.html.erb within layouts/application (1.1ms)
Completed 200 OK in 65ms (Views: 62.3ms | ActiveRecord: 1.0ms)


Started GET "/cats/4/edit" for 127.0.0.1 at 2018-09-11 16:52:32 -0700
Processing by CatsController#edit as HTML
  Parameters: {"id"=>"4"}
  [1m[36mCat Load (0.5ms)[0m  [1m[34mSELECT  "cats".* FROM "cats" WHERE "cats"."id" = $1 LIMIT $2[0m  [["id", 4], ["LIMIT", 1]]
  ↳ app/controllers/cats_controller.rb:26
  Rendering cats/edit.html.erb within layouts/application
  Rendered cats/edit.html.erb within layouts/application (0.5ms)
Completed 200 OK in 22ms (Views: 19.9ms | ActiveRecord: 0.5ms)


Started GET "/cats/4/edit" for 127.0.0.1 at 2018-09-11 16:56:38 -0700
Processing by CatsController#edit as HTML
  Parameters: {"id"=>"4"}
  [1m[36mCat Load (0.6ms)[0m  [1m[34mSELECT  "cats".* FROM "cats" WHERE "cats"."id" = $1 LIMIT $2[0m  [["id", 4], ["LIMIT", 1]]
  ↳ app/controllers/cats_controller.rb:26
  Rendering cats/edit.html.erb within layouts/application
  Rendered cats/edit.html.erb within layouts/application (0.7ms)
Completed 200 OK in 49ms (Views: 46.2ms | ActiveRecord: 0.6ms)


Started GET "/cats/4/edit" for 127.0.0.1 at 2018-09-11 16:57:51 -0700
Processing by CatsController#edit as HTML
  Parameters: {"id"=>"4"}
  [1m[36mCat Load (0.5ms)[0m  [1m[34mSELECT  "cats".* FROM "cats" WHERE "cats"."id" = $1 LIMIT $2[0m  [["id", 4], ["LIMIT", 1]]
  ↳ app/controllers/cats_controller.rb:26
  Rendering cats/edit.html.erb within layouts/application
  Rendered cats/edit.html.erb within layouts/application (1.1ms)
Completed 200 OK in 23ms (Views: 21.1ms | ActiveRecord: 0.5ms)


Started GET "/cats/4/edit" for 127.0.0.1 at 2018-09-11 16:58:16 -0700
Processing by CatsController#edit as HTML
  Parameters: {"id"=>"4"}
  [1m[36mCat Load (0.4ms)[0m  [1m[34mSELECT  "cats".* FROM "cats" WHERE "cats"."id" = $1 LIMIT $2[0m  [["id", 4], ["LIMIT", 1]]
  ↳ app/controllers/cats_controller.rb:26
  Rendering cats/edit.html.erb within layouts/application
  Rendered cats/edit.html.erb within layouts/application (0.8ms)
Completed 200 OK in 24ms (Views: 21.3ms | ActiveRecord: 0.4ms)


Started GET "/cats/4/edit" for 127.0.0.1 at 2018-09-11 16:58:17 -0700
Processing by CatsController#edit as HTML
  Parameters: {"id"=>"4"}
  [1m[36mCat Load (0.5ms)[0m  [1m[34mSELECT  "cats".* FROM "cats" WHERE "cats"."id" = $1 LIMIT $2[0m  [["id", 4], ["LIMIT", 1]]
  ↳ app/controllers/cats_controller.rb:26
  Rendering cats/edit.html.erb within layouts/application
  Rendered cats/edit.html.erb within layouts/application (0.8ms)
Completed 200 OK in 27ms (Views: 25.3ms | ActiveRecord: 0.5ms)


Started GET "/cats/4/edit" for 127.0.0.1 at 2018-09-11 17:00:04 -0700
Processing by CatsController#edit as HTML
  Parameters: {"id"=>"4"}
  [1m[36mCat Load (0.4ms)[0m  [1m[34mSELECT  "cats".* FROM "cats" WHERE "cats"."id" = $1 LIMIT $2[0m  [["id", 4], ["LIMIT", 1]]
  ↳ app/controllers/cats_controller.rb:26
  Rendering cats/edit.html.erb within layouts/application
  Rendered cats/edit.html.erb within layouts/application (0.8ms)
Completed 200 OK in 22ms (Views: 19.9ms | ActiveRecord: 0.4ms)


Started GET "/cats/4/edit" for 127.0.0.1 at 2018-09-11 17:00:35 -0700
Processing by CatsController#edit as HTML
  Parameters: {"id"=>"4"}
  [1m[36mCat Load (0.5ms)[0m  [1m[34mSELECT  "cats".* FROM "cats" WHERE "cats"."id" = $1 LIMIT $2[0m  [["id", 4], ["LIMIT", 1]]
  ↳ app/controllers/cats_controller.rb:26
  Rendering cats/edit.html.erb within layouts/application
  Rendered cats/edit.html.erb within layouts/application (0.9ms)
Completed 200 OK in 44ms (Views: 28.8ms | ActiveRecord: 0.5ms)


Started GET "/cats/4/edit" for 127.0.0.1 at 2018-09-11 17:03:38 -0700
Processing by CatsController#edit as HTML
  Parameters: {"id"=>"4"}
  [1m[36mCat Load (0.4ms)[0m  [1m[34mSELECT  "cats".* FROM "cats" WHERE "cats"."id" = $1 LIMIT $2[0m  [["id", 4], ["LIMIT", 1]]
  ↳ app/controllers/cats_controller.rb:26
  Rendering cats/edit.html.erb within layouts/application
  Rendered cats/edit.html.erb within layouts/application (1.1ms)
Completed 200 OK in 101ms (Views: 99.9ms | ActiveRecord: 0.4ms)


Started GET "/cats/4/edit" for 127.0.0.1 at 2018-09-11 17:06:50 -0700
Processing by CatsController#edit as HTML
  Parameters: {"id"=>"4"}
  [1m[36mCat Load (0.4ms)[0m  [1m[34mSELECT  "cats".* FROM "cats" WHERE "cats"."id" = $1 LIMIT $2[0m  [["id", 4], ["LIMIT", 1]]
  ↳ app/controllers/cats_controller.rb:26
  Rendering cats/edit.html.erb within layouts/application
  Rendered cats/edit.html.erb within layouts/application (1.1ms)
Completed 200 OK in 26ms (Views: 24.2ms | ActiveRecord: 0.4ms)


Started GET "/cats/4/edit" for 127.0.0.1 at 2018-09-11 17:06:51 -0700
Processing by CatsController#edit as HTML
  Parameters: {"id"=>"4"}
  [1m[36mCat Load (0.4ms)[0m  [1m[34mSELECT  "cats".* FROM "cats" WHERE "cats"."id" = $1 LIMIT $2[0m  [["id", 4], ["LIMIT", 1]]
  ↳ app/controllers/cats_controller.rb:26
  Rendering cats/edit.html.erb within layouts/application
  Rendered cats/edit.html.erb within layouts/application (1.0ms)
Completed 200 OK in 29ms (Views: 26.3ms | ActiveRecord: 0.4ms)


Started GET "/cats/4/edit" for 127.0.0.1 at 2018-09-11 17:06:52 -0700
Processing by CatsController#edit as HTML
  Parameters: {"id"=>"4"}
  [1m[36mCat Load (0.4ms)[0m  [1m[34mSELECT  "cats".* FROM "cats" WHERE "cats"."id" = $1 LIMIT $2[0m  [["id", 4], ["LIMIT", 1]]
  ↳ app/controllers/cats_controller.rb:26
  Rendering cats/edit.html.erb within layouts/application
  Rendered cats/edit.html.erb within layouts/application (0.8ms)
Completed 200 OK in 22ms (Views: 20.3ms | ActiveRecord: 0.4ms)


Started GET "/cats/4/edit" for 127.0.0.1 at 2018-09-11 17:07:46 -0700
Processing by CatsController#edit as HTML
  Parameters: {"id"=>"4"}
  [1m[36mCat Load (0.5ms)[0m  [1m[34mSELECT  "cats".* FROM "cats" WHERE "cats"."id" = $1 LIMIT $2[0m  [["id", 4], ["LIMIT", 1]]
  ↳ app/controllers/cats_controller.rb:26
  Rendering cats/edit.html.erb within layouts/application
  Rendered cats/edit.html.erb within layouts/application (0.9ms)
Completed 200 OK in 25ms (Views: 21.9ms | ActiveRecord: 0.5ms)


Started GET "/cats/4/edit" for 127.0.0.1 at 2018-09-11 17:07:53 -0700
Processing by CatsController#edit as HTML
  Parameters: {"id"=>"4"}
  [1m[36mCat Load (0.4ms)[0m  [1m[34mSELECT  "cats".* FROM "cats" WHERE "cats"."id" = $1 LIMIT $2[0m  [["id", 4], ["LIMIT", 1]]
  ↳ app/controllers/cats_controller.rb:26
  Rendering cats/edit.html.erb within layouts/application
  Rendered cats/edit.html.erb within layouts/application (1.1ms)
Completed 200 OK in 25ms (Views: 23.4ms | ActiveRecord: 0.4ms)


Started PATCH "/cats" for 127.0.0.1 at 2018-09-11 17:11:57 -0700
  
ActionController::RoutingError (No route matches [PATCH] "/cats"):
  
actionpack (5.2.1) lib/action_dispatch/middleware/debug_exceptions.rb:65:in `call'
web-console (3.7.0) lib/web_console/middleware.rb:135:in `call_app'
web-console (3.7.0) lib/web_console/middleware.rb:30:in `block in call'
web-console (3.7.0) lib/web_console/middleware.rb:20:in `catch'
web-console (3.7.0) lib/web_console/middleware.rb:20:in `call'
actionpack (5.2.1) lib/action_dispatch/middleware/show_exceptions.rb:33:in `call'
railties (5.2.1) lib/rails/rack/logger.rb:38:in `call_app'
railties (5.2.1) lib/rails/rack/logger.rb:26:in `block in call'
activesupport (5.2.1) lib/active_support/tagged_logging.rb:71:in `block in tagged'
activesupport (5.2.1) lib/active_support/tagged_logging.rb:28:in `tagged'
activesupport (5.2.1) lib/active_support/tagged_logging.rb:71:in `tagged'
railties (5.2.1) lib/rails/rack/logger.rb:26:in `call'
sprockets-rails (3.2.1) lib/sprockets/rails/quiet_assets.rb:13:in `call'
actionpack (5.2.1) lib/action_dispatch/middleware/remote_ip.rb:81:in `call'
actionpack (5.2.1) lib/action_dispatch/middleware/request_id.rb:27:in `call'
rack (2.0.5) lib/rack/method_override.rb:22:in `call'
rack (2.0.5) lib/rack/runtime.rb:22:in `call'
activesupport (5.2.1) lib/active_support/cache/strategy/local_cache_middleware.rb:29:in `call'
actionpack (5.2.1) lib/action_dispatch/middleware/executor.rb:14:in `call'
actionpack (5.2.1) lib/action_dispatch/middleware/static.rb:127:in `call'
rack (2.0.5) lib/rack/sendfile.rb:111:in `call'
railties (5.2.1) lib/rails/engine.rb:524:in `call'
puma (3.12.0) lib/puma/configuration.rb:225:in `call'
puma (3.12.0) lib/puma/server.rb:658:in `handle_request'
puma (3.12.0) lib/puma/server.rb:472:in `process_client'
puma (3.12.0) lib/puma/server.rb:332:in `block in run'
puma (3.12.0) lib/puma/thread_pool.rb:133:in `block in spawn_thread'
Started GET "/cats/4/edit" for 127.0.0.1 at 2018-09-11 17:13:35 -0700
Processing by CatsController#edit as HTML
  Parameters: {"id"=>"4"}
  [1m[36mCat Load (0.5ms)[0m  [1m[34mSELECT  "cats".* FROM "cats" WHERE "cats"."id" = $1 LIMIT $2[0m  [["id", 4], ["LIMIT", 1]]
  ↳ app/controllers/cats_controller.rb:26
  Rendering cats/edit.html.erb within layouts/application
  Rendered cats/edit.html.erb within layouts/application (0.8ms)
Completed 200 OK in 135ms (Views: 92.1ms | ActiveRecord: 7.4ms)


Started PATCH "/cats" for 127.0.0.1 at 2018-09-11 17:13:43 -0700
  
ActionController::RoutingError (No route matches [PATCH] "/cats"):
  
actionpack (5.2.1) lib/action_dispatch/middleware/debug_exceptions.rb:65:in `call'
web-console (3.7.0) lib/web_console/middleware.rb:135:in `call_app'
web-console (3.7.0) lib/web_console/middleware.rb:30:in `block in call'
web-console (3.7.0) lib/web_console/middleware.rb:20:in `catch'
web-console (3.7.0) lib/web_console/middleware.rb:20:in `call'
actionpack (5.2.1) lib/action_dispatch/middleware/show_exceptions.rb:33:in `call'
railties (5.2.1) lib/rails/rack/logger.rb:38:in `call_app'
railties (5.2.1) lib/rails/rack/logger.rb:26:in `block in call'
activesupport (5.2.1) lib/active_support/tagged_logging.rb:71:in `block in tagged'
activesupport (5.2.1) lib/active_support/tagged_logging.rb:28:in `tagged'
activesupport (5.2.1) lib/active_support/tagged_logging.rb:71:in `tagged'
railties (5.2.1) lib/rails/rack/logger.rb:26:in `call'
sprockets-rails (3.2.1) lib/sprockets/rails/quiet_assets.rb:13:in `call'
actionpack (5.2.1) lib/action_dispatch/middleware/remote_ip.rb:81:in `call'
actionpack (5.2.1) lib/action_dispatch/middleware/request_id.rb:27:in `call'
rack (2.0.5) lib/rack/method_override.rb:22:in `call'
rack (2.0.5) lib/rack/runtime.rb:22:in `call'
activesupport (5.2.1) lib/active_support/cache/strategy/local_cache_middleware.rb:29:in `call'
actionpack (5.2.1) lib/action_dispatch/middleware/executor.rb:14:in `call'
actionpack (5.2.1) lib/action_dispatch/middleware/static.rb:127:in `call'
rack (2.0.5) lib/rack/sendfile.rb:111:in `call'
railties (5.2.1) lib/rails/engine.rb:524:in `call'
puma (3.12.0) lib/puma/configuration.rb:225:in `call'
puma (3.12.0) lib/puma/server.rb:658:in `handle_request'
puma (3.12.0) lib/puma/server.rb:472:in `process_client'
puma (3.12.0) lib/puma/server.rb:332:in `block in run'
puma (3.12.0) lib/puma/thread_pool.rb:133:in `block in spawn_thread'
Started PATCH "/cats" for 127.0.0.1 at 2018-09-11 17:15:35 -0700
  
ActionController::RoutingError (No route matches [PATCH] "/cats"):
  
actionpack (5.2.1) lib/action_dispatch/middleware/debug_exceptions.rb:65:in `call'
web-console (3.7.0) lib/web_console/middleware.rb:135:in `call_app'
web-console (3.7.0) lib/web_console/middleware.rb:30:in `block in call'
web-console (3.7.0) lib/web_console/middleware.rb:20:in `catch'
web-console (3.7.0) lib/web_console/middleware.rb:20:in `call'
actionpack (5.2.1) lib/action_dispatch/middleware/show_exceptions.rb:33:in `call'
railties (5.2.1) lib/rails/rack/logger.rb:38:in `call_app'
railties (5.2.1) lib/rails/rack/logger.rb:26:in `block in call'
activesupport (5.2.1) lib/active_support/tagged_logging.rb:71:in `block in tagged'
activesupport (5.2.1) lib/active_support/tagged_logging.rb:28:in `tagged'
activesupport (5.2.1) lib/active_support/tagged_logging.rb:71:in `tagged'
railties (5.2.1) lib/rails/rack/logger.rb:26:in `call'
sprockets-rails (3.2.1) lib/sprockets/rails/quiet_assets.rb:13:in `call'
actionpack (5.2.1) lib/action_dispatch/middleware/remote_ip.rb:81:in `call'
actionpack (5.2.1) lib/action_dispatch/middleware/request_id.rb:27:in `call'
rack (2.0.5) lib/rack/method_override.rb:22:in `call'
rack (2.0.5) lib/rack/runtime.rb:22:in `call'
activesupport (5.2.1) lib/active_support/cache/strategy/local_cache_middleware.rb:29:in `call'
actionpack (5.2.1) lib/action_dispatch/middleware/executor.rb:14:in `call'
actionpack (5.2.1) lib/action_dispatch/middleware/static.rb:127:in `call'
rack (2.0.5) lib/rack/sendfile.rb:111:in `call'
railties (5.2.1) lib/rails/engine.rb:524:in `call'
puma (3.12.0) lib/puma/configuration.rb:225:in `call'
puma (3.12.0) lib/puma/server.rb:658:in `handle_request'
puma (3.12.0) lib/puma/server.rb:472:in `process_client'
puma (3.12.0) lib/puma/server.rb:332:in `block in run'
puma (3.12.0) lib/puma/thread_pool.rb:133:in `block in spawn_thread'
Started GET "/cats/4/edit" for 127.0.0.1 at 2018-09-11 17:15:39 -0700
Processing by CatsController#edit as HTML
  Parameters: {"id"=>"4"}
  [1m[36mCat Load (0.5ms)[0m  [1m[34mSELECT  "cats".* FROM "cats" WHERE "cats"."id" = $1 LIMIT $2[0m  [["id", 4], ["LIMIT", 1]]
  ↳ app/controllers/cats_controller.rb:26
  Rendering cats/edit.html.erb within layouts/application
  Rendered cats/edit.html.erb within layouts/application (1.3ms)
Completed 200 OK in 28ms (Views: 25.1ms | ActiveRecord: 0.5ms)


Started PATCH "/cats/4" for 127.0.0.1 at 2018-09-11 17:15:39 -0700
Processing by CatsController#update as HTML
  Parameters: {"authenticity_token"=>"HEsfbAQzmVQ1BHwJx+cO2vWJCRJqBhOdQI2B0StTxBZeUXG+C8D4dcjjc88NKqSU7LRUqYBKA4Z1sUQWC62UdQ==", "cat"=>{"name"=>"faith3", "sex"=>"F", "description"=>"    ", "birth_date"=>"2018-09-11"}, "id"=>"4"}
  [1m[36mCat Load (0.6ms)[0m  [1m[34mSELECT  "cats".* FROM "cats" WHERE "cats"."id" = $1 LIMIT $2[0m  [["id", 4], ["LIMIT", 1]]
  ↳ app/controllers/cats_controller.rb:31
Completed 500 Internal Server Error in 4ms (ActiveRecord: 0.6ms)



ArgumentError - wrong number of arguments (given 0, expected 1):
  app/controllers/cats_controller.rb:32:in `update'

Started POST "/__better_errors/ef79eddf95f1068b/variables" for 127.0.0.1 at 2018-09-11 17:15:40 -0700
Started GET "/cats/4/edit" for 127.0.0.1 at 2018-09-11 17:16:11 -0700
Processing by CatsController#edit as HTML
  Parameters: {"id"=>"4"}
  [1m[36mCat Load (0.3ms)[0m  [1m[34mSELECT  "cats".* FROM "cats" WHERE "cats"."id" = $1 LIMIT $2[0m  [["id", 4], ["LIMIT", 1]]
  ↳ app/controllers/cats_controller.rb:26
  Rendering cats/edit.html.erb within layouts/application
  Rendered cats/edit.html.erb within layouts/application (1.2ms)
Completed 200 OK in 80ms (Views: 29.5ms | ActiveRecord: 8.9ms)


Started PATCH "/cats/4" for 127.0.0.1 at 2018-09-11 17:16:13 -0700
Processing by CatsController#update as HTML
  Parameters: {"authenticity_token"=>"Tn+eH9demI8/ZTJfYJBarHzNnET6MjFw03Bk4QsMtjoMZfDN2K35rsKCPZmqXfDiZfDB/xB+IWvmTKEmK/LmWQ==", "cat"=>{"name"=>"faith3", "sex"=>"F", "description"=>"    ", "birth_date"=>"2018-09-11"}, "id"=>"4"}
  [1m[36mCat Load (0.5ms)[0m  [1m[34mSELECT "cats".* FROM "cats"[0m
  ↳ app/controllers/cats_controller.rb:31
  [1m[35m (0.2ms)[0m  [1m[35mBEGIN[0m
  ↳ app/controllers/cats_controller.rb:31
  [1m[35m (0.3ms)[0m  [1m[31mROLLBACK[0m
  ↳ app/controllers/cats_controller.rb:31
Completed 500 Internal Server Error in 5ms (ActiveRecord: 1.1ms)



ArgumentError - When assigning attributes, you must pass a hash as an argument.:
  app/controllers/cats_controller.rb:31:in `update'

Started POST "/__better_errors/c101bf729c34bacd/variables" for 127.0.0.1 at 2018-09-11 17:16:13 -0700
Started PATCH "/cats/4" for 127.0.0.1 at 2018-09-11 17:17:09 -0700
Processing by CatsController#update as HTML
  Parameters: {"authenticity_token"=>"Tn+eH9demI8/ZTJfYJBarHzNnET6MjFw03Bk4QsMtjoMZfDN2K35rsKCPZmqXfDiZfDB/xB+IWvmTKEmK/LmWQ==", "cat"=>{"name"=>"faith3", "sex"=>"F", "description"=>"    ", "birth_date"=>"2018-09-11"}, "id"=>"4"}
  [1m[36mCat Load (0.5ms)[0m  [1m[34mSELECT  "cats".* FROM "cats" WHERE "cats"."id" = $1 LIMIT $2[0m  [["id", 4], ["LIMIT", 1]]
  ↳ app/controllers/cats_controller.rb:31
  [1m[36mCat Load (0.7ms)[0m  [1m[34mSELECT "cats".* FROM "cats"[0m
  ↳ app/controllers/cats_controller.rb:32
  [1m[35m (0.7ms)[0m  [1m[35mBEGIN[0m
  ↳ app/controllers/cats_controller.rb:32
  [1m[35m (1.4ms)[0m  [1m[31mROLLBACK[0m
  ↳ app/controllers/cats_controller.rb:32
  [1m[35m (2.3ms)[0m  [1m[35mBEGIN[0m
  ↳ app/controllers/cats_controller.rb:32
  [1m[35m (0.3ms)[0m  [1m[31mROLLBACK[0m
  ↳ app/controllers/cats_controller.rb:32
  [1m[35m (0.2ms)[0m  [1m[35mBEGIN[0m
  ↳ app/controllers/cats_controller.rb:32
  [1m[35m (0.2ms)[0m  [1m[31mROLLBACK[0m
  ↳ app/controllers/cats_controller.rb:32
  [1m[35m (0.4ms)[0m  [1m[35mBEGIN[0m
  ↳ app/controllers/cats_controller.rb:32
  [1m[35m (0.3ms)[0m  [1m[31mROLLBACK[0m
  ↳ app/controllers/cats_controller.rb:32
Redirected to http://0.0.0.0:3000/cats/4
Completed 302 Found in 45ms (ActiveRecord: 13.0ms)


Started GET "/cats/4" for 127.0.0.1 at 2018-09-11 17:17:09 -0700
Processing by CatsController#show as HTML
  Parameters: {"id"=>"4"}
  [1m[36mCat Load (0.4ms)[0m  [1m[34mSELECT  "cats".* FROM "cats" WHERE "cats"."id" = $1 LIMIT $2[0m  [["id", 4], ["LIMIT", 1]]
  ↳ app/controllers/cats_controller.rb:10
  Rendering cats/show.html.erb within layouts/application
  Rendered cats/show.html.erb within layouts/application (1.0ms)
Completed 200 OK in 35ms (Views: 32.9ms | ActiveRecord: 0.4ms)


Started PATCH "/cats/4" for 127.0.0.1 at 2018-09-11 17:17:12 -0700
Processing by CatsController#update as HTML
  Parameters: {"authenticity_token"=>"Tn+eH9demI8/ZTJfYJBarHzNnET6MjFw03Bk4QsMtjoMZfDN2K35rsKCPZmqXfDiZfDB/xB+IWvmTKEmK/LmWQ==", "cat"=>{"name"=>"faith3", "sex"=>"F", "description"=>"    ", "birth_date"=>"2018-09-11"}, "id"=>"4"}
  [1m[36mCat Load (0.4ms)[0m  [1m[34mSELECT  "cats".* FROM "cats" WHERE "cats"."id" = $1 LIMIT $2[0m  [["id", 4], ["LIMIT", 1]]
  ↳ app/controllers/cats_controller.rb:31
  [1m[36mCat Load (0.7ms)[0m  [1m[34mSELECT "cats".* FROM "cats"[0m
  ↳ app/controllers/cats_controller.rb:32
  [1m[35m (0.3ms)[0m  [1m[35mBEGIN[0m
  ↳ app/controllers/cats_controller.rb:32
  [1m[35m (0.3ms)[0m  [1m[31mROLLBACK[0m
  ↳ app/controllers/cats_controller.rb:32
  [1m[35m (0.2ms)[0m  [1m[35mBEGIN[0m
  ↳ app/controllers/cats_controller.rb:32
  [1m[35m (0.2ms)[0m  [1m[31mROLLBACK[0m
  ↳ app/controllers/cats_controller.rb:32
  [1m[35m (0.3ms)[0m  [1m[35mBEGIN[0m
  ↳ app/controllers/cats_controller.rb:32
  [1m[35m (0.2ms)[0m  [1m[31mROLLBACK[0m
  ↳ app/controllers/cats_controller.rb:32
  [1m[35m (0.2ms)[0m  [1m[35mBEGIN[0m
  ↳ app/controllers/cats_controller.rb:32
  [1m[35m (0.2ms)[0m  [1m[31mROLLBACK[0m
  ↳ app/controllers/cats_controller.rb:32
Redirected to http://0.0.0.0:3000/cats/4
Completed 302 Found in 17ms (ActiveRecord: 2.9ms)


Started GET "/cats/4" for 127.0.0.1 at 2018-09-11 17:17:12 -0700
Processing by CatsController#show as HTML
  Parameters: {"id"=>"4"}
  [1m[36mCat Load (0.3ms)[0m  [1m[34mSELECT  "cats".* FROM "cats" WHERE "cats"."id" = $1 LIMIT $2[0m  [["id", 4], ["LIMIT", 1]]
  ↳ app/controllers/cats_controller.rb:10
  Rendering cats/show.html.erb within layouts/application
  Rendered cats/show.html.erb within layouts/application (0.7ms)
Completed 200 OK in 20ms (Views: 18.1ms | ActiveRecord: 0.3ms)


Started PATCH "/cats/4" for 127.0.0.1 at 2018-09-11 17:17:20 -0700
Processing by CatsController#update as HTML
  Parameters: {"authenticity_token"=>"Tn+eH9demI8/ZTJfYJBarHzNnET6MjFw03Bk4QsMtjoMZfDN2K35rsKCPZmqXfDiZfDB/xB+IWvmTKEmK/LmWQ==", "cat"=>{"name"=>"faith10", "sex"=>"F", "description"=>"    ", "birth_date"=>"2018-09-11"}, "id"=>"4"}
  [1m[36mCat Load (0.4ms)[0m  [1m[34mSELECT  "cats".* FROM "cats" WHERE "cats"."id" = $1 LIMIT $2[0m  [["id", 4], ["LIMIT", 1]]
  ↳ app/controllers/cats_controller.rb:31
  [1m[36mCat Load (0.6ms)[0m  [1m[34mSELECT "cats".* FROM "cats"[0m
  ↳ app/controllers/cats_controller.rb:32
  [1m[35m (0.2ms)[0m  [1m[35mBEGIN[0m
  ↳ app/controllers/cats_controller.rb:32
  [1m[35m (0.3ms)[0m  [1m[31mROLLBACK[0m
  ↳ app/controllers/cats_controller.rb:32
  [1m[35m (0.3ms)[0m  [1m[35mBEGIN[0m
  ↳ app/controllers/cats_controller.rb:32
  [1m[35m (0.4ms)[0m  [1m[31mROLLBACK[0m
  ↳ app/controllers/cats_controller.rb:32
  [1m[35m (0.2ms)[0m  [1m[35mBEGIN[0m
  ↳ app/controllers/cats_controller.rb:32
  [1m[35m (0.3ms)[0m  [1m[31mROLLBACK[0m
  ↳ app/controllers/cats_controller.rb:32
  [1m[35m (0.2ms)[0m  [1m[35mBEGIN[0m
  ↳ app/controllers/cats_controller.rb:32
  [1m[35m (0.3ms)[0m  [1m[31mROLLBACK[0m
  ↳ app/controllers/cats_controller.rb:32
Redirected to http://0.0.0.0:3000/cats/4
Completed 302 Found in 27ms (ActiveRecord: 3.3ms)


Started GET "/cats/4" for 127.0.0.1 at 2018-09-11 17:17:20 -0700
Processing by CatsController#show as HTML
  Parameters: {"id"=>"4"}
  [1m[36mCat Load (0.3ms)[0m  [1m[34mSELECT  "cats".* FROM "cats" WHERE "cats"."id" = $1 LIMIT $2[0m  [["id", 4], ["LIMIT", 1]]
  ↳ app/controllers/cats_controller.rb:10
  Rendering cats/show.html.erb within layouts/application
  Rendered cats/show.html.erb within layouts/application (0.7ms)
Completed 200 OK in 20ms (Views: 18.6ms | ActiveRecord: 0.3ms)


Started GET "/cats/4/edit" for 127.0.0.1 at 2018-09-11 17:17:38 -0700
Processing by CatsController#edit as HTML
  Parameters: {"id"=>"4"}
  [1m[36mCat Load (0.3ms)[0m  [1m[34mSELECT  "cats".* FROM "cats" WHERE "cats"."id" = $1 LIMIT $2[0m  [["id", 4], ["LIMIT", 1]]
  ↳ app/controllers/cats_controller.rb:26
  Rendering cats/edit.html.erb within layouts/application
  Rendered cats/edit.html.erb within layouts/application (1.8ms)
Completed 200 OK in 47ms (Views: 27.3ms | ActiveRecord: 7.1ms)


Started PATCH "/cats/4" for 127.0.0.1 at 2018-09-11 17:17:42 -0700
Processing by CatsController#update as HTML
  Parameters: {"authenticity_token"=>"oVOf3oiFM2TrxL8fjBuLEbmWh/nELHRf2+rJkytl5XLjSfEMh3ZSRRYjsNlG1iFfoKvaQi5gZETu1gxUC5u1EQ==", "cat"=>{"name"=>"faith10", "sex"=>"F", "description"=>"    ", "birth_date"=>"2018-09-11"}, "id"=>"4"}
  [1m[36mCat Load (0.4ms)[0m  [1m[34mSELECT  "cats".* FROM "cats" WHERE "cats"."id" = $1 LIMIT $2[0m  [["id", 4], ["LIMIT", 1]]
  ↳ app/controllers/cats_controller.rb:31
Completed 500 Internal Server Error in 14ms (ActiveRecord: 0.4ms)



NoMethodError - undefined method `update!' for #<Class:0x00007ff2e51fa088>
Did you mean?  update:
  app/controllers/cats_controller.rb:32:in `update'

Started POST "/__better_errors/a285b6c6132c81ec/variables" for 127.0.0.1 at 2018-09-11 17:17:42 -0700
Started PATCH "/cats/4" for 127.0.0.1 at 2018-09-11 17:18:24 -0700
Processing by CatsController#update as HTML
  Parameters: {"authenticity_token"=>"oVOf3oiFM2TrxL8fjBuLEbmWh/nELHRf2+rJkytl5XLjSfEMh3ZSRRYjsNlG1iFfoKvaQi5gZETu1gxUC5u1EQ==", "cat"=>{"name"=>"faith10", "sex"=>"F", "description"=>"    ", "birth_date"=>"2018-09-11"}, "id"=>"4"}
  [1m[36mCat Load (0.3ms)[0m  [1m[34mSELECT  "cats".* FROM "cats" WHERE "cats"."id" = $1 LIMIT $2[0m  [["id", 4], ["LIMIT", 1]]
  ↳ app/controllers/cats_controller.rb:31
  [1m[35m (0.2ms)[0m  [1m[35mBEGIN[0m
  ↳ app/controllers/cats_controller.rb:32
  [1m[35m (0.2ms)[0m  [1m[31mROLLBACK[0m
  ↳ app/controllers/cats_controller.rb:32
Redirected to http://0.0.0.0:3000/cats/4
Completed 302 Found in 40ms (ActiveRecord: 6.7ms)


Started GET "/cats/4" for 127.0.0.1 at 2018-09-11 17:18:24 -0700
Processing by CatsController#show as HTML
  Parameters: {"id"=>"4"}
  [1m[36mCat Load (0.5ms)[0m  [1m[34mSELECT  "cats".* FROM "cats" WHERE "cats"."id" = $1 LIMIT $2[0m  [["id", 4], ["LIMIT", 1]]
  ↳ app/controllers/cats_controller.rb:10
  Rendering cats/show.html.erb within layouts/application
  Rendered cats/show.html.erb within layouts/application (0.9ms)
Completed 200 OK in 89ms (Views: 86.7ms | ActiveRecord: 0.5ms)


Started PATCH "/cats/4" for 127.0.0.1 at 2018-09-11 17:18:28 -0700
Processing by CatsController#update as HTML
  Parameters: {"authenticity_token"=>"oVOf3oiFM2TrxL8fjBuLEbmWh/nELHRf2+rJkytl5XLjSfEMh3ZSRRYjsNlG1iFfoKvaQi5gZETu1gxUC5u1EQ==", "cat"=>{"name"=>"faith10", "sex"=>"F", "description"=>"    ", "birth_date"=>"2018-09-11"}, "id"=>"4"}
  [1m[36mCat Load (0.5ms)[0m  [1m[34mSELECT  "cats".* FROM "cats" WHERE "cats"."id" = $1 LIMIT $2[0m  [["id", 4], ["LIMIT", 1]]
  ↳ app/controllers/cats_controller.rb:31
  [1m[35m (0.2ms)[0m  [1m[35mBEGIN[0m
  ↳ app/controllers/cats_controller.rb:32
  [1m[35m (0.3ms)[0m  [1m[31mROLLBACK[0m
  ↳ app/controllers/cats_controller.rb:32
Redirected to http://0.0.0.0:3000/cats/4
Completed 302 Found in 7ms (ActiveRecord: 1.0ms)


Started GET "/cats/4" for 127.0.0.1 at 2018-09-11 17:18:28 -0700
Processing by CatsController#show as HTML
  Parameters: {"id"=>"4"}
  [1m[36mCat Load (0.3ms)[0m  [1m[34mSELECT  "cats".* FROM "cats" WHERE "cats"."id" = $1 LIMIT $2[0m  [["id", 4], ["LIMIT", 1]]
  ↳ app/controllers/cats_controller.rb:10
  Rendering cats/show.html.erb within layouts/application
  Rendered cats/show.html.erb within layouts/application (0.7ms)
Completed 200 OK in 24ms (Views: 22.9ms | ActiveRecord: 0.3ms)


Started GET "/cats/4/edit" for 127.0.0.1 at 2018-09-11 17:18:31 -0700
Processing by CatsController#edit as HTML
  Parameters: {"id"=>"4"}
  [1m[36mCat Load (0.5ms)[0m  [1m[34mSELECT  "cats".* FROM "cats" WHERE "cats"."id" = $1 LIMIT $2[0m  [["id", 4], ["LIMIT", 1]]
  ↳ app/controllers/cats_controller.rb:26
  Rendering cats/edit.html.erb within layouts/application
  Rendered cats/edit.html.erb within layouts/application (1.4ms)
Completed 200 OK in 26ms (Views: 23.1ms | ActiveRecord: 0.5ms)


Started PATCH "/cats/4" for 127.0.0.1 at 2018-09-11 17:18:34 -0700
Processing by CatsController#update as HTML
  Parameters: {"authenticity_token"=>"/QBnQMH0zntBtVNC7WF90T862txPZUdJuKYJs64wDDW/GgmSzgevWrxSXIQnrNefJgeHZ6UpV1KNmsx0js5cVg==", "cat"=>{"name"=>"faith10", "sex"=>"F", "description"=>"    ", "birth_date"=>"2018-09-11"}, "id"=>"4"}
  [1m[36mCat Load (0.4ms)[0m  [1m[34mSELECT  "cats".* FROM "cats" WHERE "cats"."id" = $1 LIMIT $2[0m  [["id", 4], ["LIMIT", 1]]
  ↳ app/controllers/cats_controller.rb:31
  [1m[35m (0.2ms)[0m  [1m[35mBEGIN[0m
  ↳ app/controllers/cats_controller.rb:32
  [1m[35m (0.3ms)[0m  [1m[31mROLLBACK[0m
  ↳ app/controllers/cats_controller.rb:32
Redirected to http://0.0.0.0:3000/cats/4
Completed 302 Found in 7ms (ActiveRecord: 1.0ms)


Started GET "/cats/4" for 127.0.0.1 at 2018-09-11 17:18:34 -0700
Processing by CatsController#show as HTML
  Parameters: {"id"=>"4"}
  [1m[36mCat Load (0.4ms)[0m  [1m[34mSELECT  "cats".* FROM "cats" WHERE "cats"."id" = $1 LIMIT $2[0m  [["id", 4], ["LIMIT", 1]]
  ↳ app/controllers/cats_controller.rb:10
  Rendering cats/show.html.erb within layouts/application
  Rendered cats/show.html.erb within layouts/application (0.8ms)
Completed 200 OK in 27ms (Views: 24.3ms | ActiveRecord: 0.4ms)


Started GET "/cats/4/edit" for 127.0.0.1 at 2018-09-11 17:18:56 -0700
Processing by CatsController#edit as HTML
  Parameters: {"id"=>"4"}
  [1m[36mCat Load (0.4ms)[0m  [1m[34mSELECT  "cats".* FROM "cats" WHERE "cats"."id" = $1 LIMIT $2[0m  [["id", 4], ["LIMIT", 1]]
  ↳ app/controllers/cats_controller.rb:26
  Rendering cats/edit.html.erb within layouts/application
  Rendered cats/edit.html.erb within layouts/application (1.1ms)
Completed 200 OK in 27ms (Views: 24.4ms | ActiveRecord: 0.4ms)


  [1m[36mCat Load (1.7ms)[0m  [1m[34mSELECT "cats".* FROM "cats"[0m
  [1m[36mCat Load (0.5ms)[0m  [1m[34mSELECT  "cats".* FROM "cats" WHERE "cats"."id" = $1 LIMIT $2[0m  [["id", 7], ["LIMIT", 1]]
Started GET "/cats/4/edit" for 127.0.0.1 at 2018-09-11 17:20:36 -0700
Processing by CatsController#edit as HTML
  Parameters: {"id"=>"4"}
  [1m[36mCat Load (0.3ms)[0m  [1m[34mSELECT  "cats".* FROM "cats" WHERE "cats"."id" = $1 LIMIT $2[0m  [["id", 4], ["LIMIT", 1]]
  ↳ app/controllers/cats_controller.rb:26
  Rendering cats/edit.html.erb within layouts/application
  Rendered cats/edit.html.erb within layouts/application (1.1ms)
Completed 200 OK in 84ms (Views: 42.8ms | ActiveRecord: 6.9ms)


Started PATCH "/cats/4" for 127.0.0.1 at 2018-09-11 17:20:42 -0700
Processing by CatsController#update as HTML
  Parameters: {"authenticity_token"=>"XpiyaOtwp9E91cNFf91/J/RySHEailjA7vA4S2Skxkscgty65IPG8MAyzIO1ENVp7U8VyvDGSNvbzP2MRFqWKA==", "cat"=>{"name"=>"faith10", "sex"=>"F", "description"=>"    ", "birth_date"=>"2018-09-11"}, "id"=>"4"}
  [1m[36mCat Load (0.5ms)[0m  [1m[34mSELECT  "cats".* FROM "cats" WHERE "cats"."id" = $1 LIMIT $2[0m  [["id", 4], ["LIMIT", 1]]
  ↳ app/controllers/cats_controller.rb:31
  [1m[35m (0.2ms)[0m  [1m[35mBEGIN[0m
  ↳ app/controllers/cats_controller.rb:32
  [1m[35m (0.3ms)[0m  [1m[35mCOMMIT[0m
  ↳ app/controllers/cats_controller.rb:32
Redirected to http://0.0.0.0:3000/cats/4
Completed 302 Found in 7ms (ActiveRecord: 1.0ms)


Started GET "/cats/4" for 127.0.0.1 at 2018-09-11 17:20:42 -0700
Processing by CatsController#show as HTML
  Parameters: {"id"=>"4"}
  [1m[36mCat Load (0.4ms)[0m  [1m[34mSELECT  "cats".* FROM "cats" WHERE "cats"."id" = $1 LIMIT $2[0m  [["id", 4], ["LIMIT", 1]]
  ↳ app/controllers/cats_controller.rb:10
  Rendering cats/show.html.erb within layouts/application
  Rendered cats/show.html.erb within layouts/application (1.0ms)
Completed 200 OK in 24ms (Views: 21.9ms | ActiveRecord: 0.4ms)


Started GET "/cats/4/edit" for 127.0.0.1 at 2018-09-11 17:21:24 -0700
Processing by CatsController#edit as HTML
  Parameters: {"id"=>"4"}
  [1m[36mCat Load (0.3ms)[0m  [1m[34mSELECT  "cats".* FROM "cats" WHERE "cats"."id" = $1 LIMIT $2[0m  [["id", 4], ["LIMIT", 1]]
  ↳ app/controllers/cats_controller.rb:26
  Rendering cats/edit.html.erb within layouts/application
  Rendered cats/edit.html.erb within layouts/application (1.0ms)
Completed 200 OK in 247ms (Views: 179.4ms | ActiveRecord: 7.6ms)


Started PATCH "/cats/4" for 127.0.0.1 at 2018-09-11 17:21:27 -0700
Processing by CatsController#update as HTML
  Parameters: {"authenticity_token"=>"Gc5NQY+/lzELLbyTdKHyhP5h0zDV3Trn5W39tsZEUtJb1COTgEz2EPbKs1W+bFjK51yOiz+RKvzQUThx5roCsQ==", "cat"=>{"name"=>"faith111111", "sex"=>"F", "description"=>"    ", "birth_date"=>"2018-09-11"}, "id"=>"4"}
  [1m[36mCat Load (0.4ms)[0m  [1m[34mSELECT  "cats".* FROM "cats" WHERE "cats"."id" = $1 LIMIT $2[0m  [["id", 4], ["LIMIT", 1]]
  ↳ app/controllers/cats_controller.rb:31
  [1m[35m (0.2ms)[0m  [1m[35mBEGIN[0m
  ↳ app/controllers/cats_controller.rb:32
  [1m[35m (0.5ms)[0m  [1m[35mCOMMIT[0m
  ↳ app/controllers/cats_controller.rb:32
Redirected to http://0.0.0.0:3000/cats/4
Completed 302 Found in 6ms (ActiveRecord: 1.0ms)


Started GET "/cats/4" for 127.0.0.1 at 2018-09-11 17:21:27 -0700
Processing by CatsController#show as HTML
  Parameters: {"id"=>"4"}
  [1m[36mCat Load (0.5ms)[0m  [1m[34mSELECT  "cats".* FROM "cats" WHERE "cats"."id" = $1 LIMIT $2[0m  [["id", 4], ["LIMIT", 1]]
  ↳ app/controllers/cats_controller.rb:10
  Rendering cats/show.html.erb within layouts/application
  Rendered cats/show.html.erb within layouts/application (1.1ms)
Completed 200 OK in 28ms (Views: 25.0ms | ActiveRecord: 0.5ms)


Started PATCH "/cats/4" for 127.0.0.1 at 2018-09-11 17:22:41 -0700
Processing by CatsController#update as HTML
  Parameters: {"authenticity_token"=>"Gc5NQY+/lzELLbyTdKHyhP5h0zDV3Trn5W39tsZEUtJb1COTgEz2EPbKs1W+bFjK51yOiz+RKvzQUThx5roCsQ==", "cat"=>{"name"=>"faith111111", "sex"=>"F", "description"=>"    hello, please work", "birth_date"=>"2018-09-11"}, "id"=>"4"}
  [1m[36mCat Load (0.3ms)[0m  [1m[34mSELECT  "cats".* FROM "cats" WHERE "cats"."id" = $1 LIMIT $2[0m  [["id", 4], ["LIMIT", 1]]
  ↳ app/controllers/cats_controller.rb:31
  [1m[35m (0.3ms)[0m  [1m[35mBEGIN[0m
  ↳ app/controllers/cats_controller.rb:32
  [1m[36mCat Update (1.1ms)[0m  [1m[33mUPDATE "cats" SET "name" = $1, "sex" = $2, "description" = $3, "updated_at" = $4 WHERE "cats"."id" = $5[0m  [["name", "faith111111"], ["sex", "F"], ["description", "    hello, please work"], ["updated_at", "2018-09-12 00:22:41.556239"], ["id", 4]]
  ↳ app/controllers/cats_controller.rb:32
  [1m[35m (15.7ms)[0m  [1m[35mCOMMIT[0m
  ↳ app/controllers/cats_controller.rb:32
Redirected to http://0.0.0.0:3000/cats/4
Completed 302 Found in 41ms (ActiveRecord: 23.3ms)


Started GET "/cats/4" for 127.0.0.1 at 2018-09-11 17:22:41 -0700
Processing by CatsController#show as HTML
  Parameters: {"id"=>"4"}
  [1m[36mCat Load (0.4ms)[0m  [1m[34mSELECT  "cats".* FROM "cats" WHERE "cats"."id" = $1 LIMIT $2[0m  [["id", 4], ["LIMIT", 1]]
  ↳ app/controllers/cats_controller.rb:10
  Rendering cats/show.html.erb within layouts/application
  Rendered cats/show.html.erb within layouts/application (1.2ms)
Completed 200 OK in 45ms (Views: 43.3ms | ActiveRecord: 0.4ms)


